WARNING: This is a development server. Do not use it in a production deployment. Use a production WSGI server instead.
 * Running on http://127.0.0.1:5000
Press CTRL+C to quit
127.0.0.1 - - [06/Feb/2026 03:54:08] "GET /api/health HTTP/1.1" 200 -
127.0.0.1 - - [06/Feb/2026 03:54:09] "GET /api/health HTTP/1.1" 200 -
127.0.0.1 - - [06/Feb/2026 03:54:13] "POST /api/demo/seed HTTP/1.1" 201 -
127.0.0.1 - - [06/Feb/2026 03:54:14] "POST /api/auth/register/buyer HTTP/1.1" 201 -
127.0.0.1 - - [06/Feb/2026 03:54:14] "POST /api/auth/register/driver HTTP/1.1" 201 -
127.0.0.1 - - [06/Feb/2026 03:54:15] "POST /api/auth/register/merchant HTTP/1.1" 201 -
127.0.0.1 - - [06/Feb/2026 03:54:16] "POST /api/auth/register/inspector HTTP/1.1" 201 -
127.0.0.1 - - [06/Feb/2026 03:54:17] "POST /api/auth/login HTTP/1.1" 200 -
127.0.0.1 - - [06/Feb/2026 03:54:19] "POST /api/auth/login HTTP/1.1" 200 -
127.0.0.1 - - [06/Feb/2026 03:54:19] "POST /api/auth/login HTTP/1.1" 200 -
127.0.0.1 - - [06/Feb/2026 03:54:20] "POST /api/auth/login HTTP/1.1" 200 -
127.0.0.1 - - [06/Feb/2026 03:54:20] "GET /api/admin/role-requests?status=PENDING HTTP/1.1" 200 -
127.0.0.1 - - [06/Feb/2026 03:54:20] "POST /api/admin/role-requests/64/approve HTTP/1.1" 200 -
127.0.0.1 - - [06/Feb/2026 03:54:20] "GET /api/admin/role-requests?status=PENDING HTTP/1.1" 200 -
127.0.0.1 - - [06/Feb/2026 03:54:22] "POST /api/admin/role-requests/63/approve HTTP/1.1" 200 -
127.0.0.1 - - [06/Feb/2026 03:54:22] "POST /api/auth/login HTTP/1.1" 200 -
127.0.0.1 - - [06/Feb/2026 03:54:23] "POST /api/auth/login HTTP/1.1" 200 -
127.0.0.1 - - [06/Feb/2026 03:54:23] "GET /api/admin/autopilot HTTP/1.1" 200 -
127.0.0.1 - - [06/Feb/2026 03:54:23] "POST /api/admin/autopilot/toggle HTTP/1.1" 200 -
[2026-02-06 03:54:23,454] ERROR in app: Exception on /api/admin/autopilot/tick [POST]
Traceback (most recent call last):
  File "C:\Users\ayomc\Desktop\FLIPTRYBE.inc\Fliptrybe\backend\.venv\Lib\site-packages\sqlalchemy\engine\base.py", line 1967, in _exec_single_context
    self.dialect.do_execute(
    ~~~~~~~~~~~~~~~~~~~~~~~^
        cursor, str_statement, effective_parameters, context
        ^^^^^^^^^^^^^^^^^^^^^^^^^^^^^^^^^^^^^^^^^^^^^^^^^^^^
    )
    ^
  File "C:\Users\ayomc\Desktop\FLIPTRYBE.inc\Fliptrybe\backend\.venv\Lib\site-packages\sqlalchemy\engine\default.py", line 952, in do_execute
    cursor.execute(statement, parameters)
    ~~~~~~~~~~~~~~^^^^^^^^^^^^^^^^^^^^^^^
sqlite3.OperationalError: no such column: notification_queue.attempt_count

The above exception was the direct cause of the following exception:

Traceback (most recent call last):
  File "C:\Users\ayomc\Desktop\FLIPTRYBE.inc\Fliptrybe\backend\.venv\Lib\site-packages\flask\app.py", line 1473, in wsgi_app
    response = self.full_dispatch_request()
  File "C:\Users\ayomc\Desktop\FLIPTRYBE.inc\Fliptrybe\backend\.venv\Lib\site-packages\flask\app.py", line 882, in full_dispatch_request
    rv = self.handle_user_exception(e)
  File "C:\Users\ayomc\Desktop\FLIPTRYBE.inc\Fliptrybe\backend\.venv\Lib\site-packages\flask_cors\extension.py", line 178, in wrapped_function
    return cors_after_request(app.make_response(f(*args, **kwargs)))
                                                ~^^^^^^^^^^^^^^^^^
  File "C:\Users\ayomc\Desktop\FLIPTRYBE.inc\Fliptrybe\backend\.venv\Lib\site-packages\flask\app.py", line 880, in full_dispatch_request
    rv = self.dispatch_request()
  File "C:\Users\ayomc\Desktop\FLIPTRYBE.inc\Fliptrybe\backend\.venv\Lib\site-packages\flask\app.py", line 865, in dispatch_request
    return self.ensure_sync(self.view_functions[rule.endpoint])(**view_args)  # type: ignore[no-any-return]
           ~~~~~~~~~~~~~~~~~~~~~~~~~~~~~~~~~~~~~~~~~~~~~~~~~~~~^^^^^^^^^^^^^
  File "C:\Users\ayomc\Desktop\FLIPTRYBE.inc\Fliptrybe\backend\app\segments\segment_autopilot.py", line 92, in manual_tick
    res = tick()
  File "C:\Users\ayomc\Desktop\FLIPTRYBE.inc\Fliptrybe\backend\app\utils\autopilot.py", line 241, in tick
    queue = process_notification_queue()
  File "C:\Users\ayomc\Desktop\FLIPTRYBE.inc\Fliptrybe\backend\app\utils\autopilot.py", line 125, in process_notification_queue
    .all()
     ~~~^^
  File "C:\Users\ayomc\Desktop\FLIPTRYBE.inc\Fliptrybe\backend\.venv\Lib\site-packages\sqlalchemy\orm\query.py", line 2704, in all
    return self._iter().all()  # type: ignore
           ~~~~~~~~~~^^
  File "C:\Users\ayomc\Desktop\FLIPTRYBE.inc\Fliptrybe\backend\.venv\Lib\site-packages\sqlalchemy\orm\query.py", line 2857, in _iter
    result: Union[ScalarResult[_T], Result[_T]] = self.session.execute(
                                                  ~~~~~~~~~~~~~~~~~~~~^
        statement,
        ^^^^^^^^^^
        params,
        ^^^^^^^
        execution_options={"_sa_orm_load_options": self.load_options},
        ^^^^^^^^^^^^^^^^^^^^^^^^^^^^^^^^^^^^^^^^^^^^^^^^^^^^^^^^^^^^^^
    )
    ^
  File "C:\Users\ayomc\Desktop\FLIPTRYBE.inc\Fliptrybe\backend\.venv\Lib\site-packages\sqlalchemy\orm\session.py", line 2351, in execute
    return self._execute_internal(
           ~~~~~~~~~~~~~~~~~~~~~~^
        statement,
        ^^^^^^^^^^
    ...<4 lines>...
        _add_event=_add_event,
        ^^^^^^^^^^^^^^^^^^^^^^
    )
    ^
  File "C:\Users\ayomc\Desktop\FLIPTRYBE.inc\Fliptrybe\backend\.venv\Lib\site-packages\sqlalchemy\orm\session.py", line 2249, in _execute_internal
    result: Result[Any] = compile_state_cls.orm_execute_statement(
                          ~~~~~~~~~~~~~~~~~~~~~~~~~~~~~~~~~~~~~~~^
        self,
        ^^^^^
    ...<4 lines>...
        conn,
        ^^^^^
    )
    ^
  File "C:\Users\ayomc\Desktop\FLIPTRYBE.inc\Fliptrybe\backend\.venv\Lib\site-packages\sqlalchemy\orm\context.py", line 306, in orm_execute_statement
    result = conn.execute(
        statement, params or {}, execution_options=execution_options
    )
  File "C:\Users\ayomc\Desktop\FLIPTRYBE.inc\Fliptrybe\backend\.venv\Lib\site-packages\sqlalchemy\engine\base.py", line 1419, in execute
    return meth(
        self,
        distilled_parameters,
        execution_options or NO_OPTIONS,
    )
  File "C:\Users\ayomc\Desktop\FLIPTRYBE.inc\Fliptrybe\backend\.venv\Lib\site-packages\sqlalchemy\sql\elements.py", line 527, in _execute_on_connection
    return connection._execute_clauseelement(
           ~~~~~~~~~~~~~~~~~~~~~~~~~~~~~~~~~^
        self, distilled_params, execution_options
        ^^^^^^^^^^^^^^^^^^^^^^^^^^^^^^^^^^^^^^^^^
    )
    ^
  File "C:\Users\ayomc\Desktop\FLIPTRYBE.inc\Fliptrybe\backend\.venv\Lib\site-packages\sqlalchemy\engine\base.py", line 1641, in _execute_clauseelement
    ret = self._execute_context(
        dialect,
    ...<8 lines>...
        cache_hit=cache_hit,
    )
  File "C:\Users\ayomc\Desktop\FLIPTRYBE.inc\Fliptrybe\backend\.venv\Lib\site-packages\sqlalchemy\engine\base.py", line 1846, in _execute_context
    return self._exec_single_context(
           ~~~~~~~~~~~~~~~~~~~~~~~~~^
        dialect, context, statement, parameters
        ^^^^^^^^^^^^^^^^^^^^^^^^^^^^^^^^^^^^^^^
    )
    ^
  File "C:\Users\ayomc\Desktop\FLIPTRYBE.inc\Fliptrybe\backend\.venv\Lib\site-packages\sqlalchemy\engine\base.py", line 1986, in _exec_single_context
    self._handle_dbapi_exception(
    ~~~~~~~~~~~~~~~~~~~~~~~~~~~~^
        e, str_statement, effective_parameters, cursor, context
        ^^^^^^^^^^^^^^^^^^^^^^^^^^^^^^^^^^^^^^^^^^^^^^^^^^^^^^^
    )
    ^
  File "C:\Users\ayomc\Desktop\FLIPTRYBE.inc\Fliptrybe\backend\.venv\Lib\site-packages\sqlalchemy\engine\base.py", line 2363, in _handle_dbapi_exception
    raise sqlalchemy_exception.with_traceback(exc_info[2]) from e
  File "C:\Users\ayomc\Desktop\FLIPTRYBE.inc\Fliptrybe\backend\.venv\Lib\site-packages\sqlalchemy\engine\base.py", line 1967, in _exec_single_context
    self.dialect.do_execute(
    ~~~~~~~~~~~~~~~~~~~~~~~^
        cursor, str_statement, effective_parameters, context
        ^^^^^^^^^^^^^^^^^^^^^^^^^^^^^^^^^^^^^^^^^^^^^^^^^^^^
    )
    ^
  File "C:\Users\ayomc\Desktop\FLIPTRYBE.inc\Fliptrybe\backend\.venv\Lib\site-packages\sqlalchemy\engine\default.py", line 952, in do_execute
    cursor.execute(statement, parameters)
    ~~~~~~~~~~~~~~^^^^^^^^^^^^^^^^^^^^^^^
sqlalchemy.exc.OperationalError: (sqlite3.OperationalError) no such column: notification_queue.attempt_count
[SQL: SELECT notification_queue.id AS notification_queue_id, notification_queue.channel AS notification_queue_channel, notification_queue."to" AS notification_queue_to, notification_queue.message AS notification_queue_message, notification_queue.status AS notification_queue_status, notification_queue.reference AS notification_queue_reference, notification_queue.attempt_count AS notification_queue_attempt_count, notification_queue.max_attempts AS notification_queue_max_attempts, notification_queue.next_attempt_at AS notification_queue_next_attempt_at, notification_queue.last_error AS notification_queue_last_error, notification_queue.created_at AS notification_queue_created_at, notification_queue.sent_at AS notification_queue_sent_at, notification_queue.dead_lettered_at AS notification_queue_dead_lettered_at 
FROM notification_queue 
WHERE notification_queue.status = ? AND (notification_queue.next_attempt_at IS NULL OR notification_queue.next_attempt_at <= ?) ORDER BY notification_queue.created_at ASC
 LIMIT ? OFFSET ?]
[parameters: ('queued', '2026-02-06 11:54:23.452480', 80, 0)]
(Background on this error at: https://sqlalche.me/e/20/e3q8)
127.0.0.1 - - [06/Feb/2026 03:54:23] "POST /api/admin/autopilot/tick HTTP/1.1" 500 -
127.0.0.1 - - [06/Feb/2026 03:54:23] "POST /api/orders HTTP/1.1" 201 -
127.0.0.1 - - [06/Feb/2026 03:54:24] "POST /api/availability/confirm HTTP/1.1" 200 -
127.0.0.1 - - [06/Feb/2026 03:54:24] "POST /api/orders/46/fulfillment HTTP/1.1" 200 -
127.0.0.1 - - [06/Feb/2026 03:54:24] "POST /api/orders/46/merchant/accept HTTP/1.1" 200 -
127.0.0.1 - - [06/Feb/2026 03:54:24] "POST /api/orders/46/driver/assign HTTP/1.1" 200 -
127.0.0.1 - - [06/Feb/2026 03:54:24] "POST /api/orders/46/qr/issue HTTP/1.1" 200 -
127.0.0.1 - - [06/Feb/2026 03:54:24] "POST /api/orders/46/qr/scan HTTP/1.1" 200 -
